<?xml version="1.0" encoding="UTF-8"?>
<!-- Generated by org.testng.reporters.JUnitReportReporter -->
<testsuite skipped="0" hostname="STALAPAL-IN" name="com.TestNG.Annotations" tests="2" failures="0" timestamp="28 Apr 2018 15:29:14 GMT" time="0.009" errors="0">
  <testcase name="test" time="0.004" classname="com.TestNG.Annotations"/>
  <testcase name="login" time="0.005" classname="com.TestNG.Annotations"/>
</testsuite> <!-- com.TestNG.Annotations -->
