<?xml version="1.0" encoding="UTF-8"?>
<!-- Generated by org.testng.reporters.JUnitReportReporter -->
<testsuite skipped="0" hostname="STALAPAL-IN" name="com.TestNG.Testing" tests="2" failures="0" timestamp="26 Feb 2018 16:51:36 GMT" time="0.023" errors="0">
  <testcase name="test1" time="0.018" classname="com.TestNG.Testing"/>
  <testcase name="test2" time="0.005" classname="com.TestNG.Testing"/>
</testsuite> <!-- com.TestNG.Testing -->
