<?xml version="1.0" encoding="UTF-8"?>
<!-- Generated by org.testng.reporters.JUnitReportReporter -->
<testsuite skipped="1" hostname="STALAPAL-IN" name="com.TestNG.IgnoreTest" tests="2" failures="0" timestamp="26 Feb 2018 16:55:48 GMT" time="0.024" errors="0">
  <testcase name="testCase2" time="0.024" classname="com.TestNG.IgnoreTest"/>
  <testcase name="testCase1" classname="com.TestNG.IgnoreTest">
    <skipped/>
  </testcase> <!-- testCase1 -->
</testsuite> <!-- com.TestNG.IgnoreTest -->
