<?xml version="1.0" encoding="UTF-8"?>
<!-- Generated by org.testng.reporters.JUnitReportReporter -->
<testsuite skipped="0" hostname="STALAPAL-IN" name="com.TestNG.ParameterizedTest" tests="8" failures="0" timestamp="28 Apr 2018 15:37:30 GMT" time="0.051" errors="0">
  <testcase name="printName" time="0.002" classname="com.TestNG.ParameterizedTest"/>
  <testcase name="checkEvenOrOdd" time="0.010" classname="com.TestNG.ParameterizedTest"/>
  <testcase name="checkEvenOrOdd" time="0.012" classname="com.TestNG.ParameterizedTest"/>
  <testcase name="checkEvenOrOdd" time="0.003" classname="com.TestNG.ParameterizedTest"/>
  <testcase name="checkEvenOrOdd" time="0.002" classname="com.TestNG.ParameterizedTest"/>
  <testcase name="checkEvenOrOdd" time="0.002" classname="com.TestNG.ParameterizedTest"/>
  <testcase name="checkEvenOrOdd" time="0.018" classname="com.TestNG.ParameterizedTest"/>
  <testcase name="printName" time="0.002" classname="com.TestNG.ParameterizedTest"/>
</testsuite> <!-- com.TestNG.ParameterizedTest -->
