<?xml version="1.0" encoding="UTF-8"?>
<!-- Generated by org.testng.reporters.JUnitReportReporter -->
<testsuite skipped="0" hostname="STALAPAL-IN" name="com.TestNG.GroupingTests" tests="4" failures="0" timestamp="30 Apr 2018 17:38:50 GMT" time="0.055" errors="0">
  <testcase name="C" time="0.012" classname="com.TestNG.GroupingTests"/>
  <testcase name="A" time="0.018" classname="com.TestNG.GroupingTests"/>
  <testcase name="A" time="0.022" classname="com.TestNG.GroupingTests"/>
  <testcase name="C" time="0.003" classname="com.TestNG.GroupingTests"/>
</testsuite> <!-- com.TestNG.GroupingTests -->
